# JRE version: OpenJDK Runtime Environment (11.0.15) (build 11.0.15+0-b2043.56-9505619)
# Java VM: OpenJDK 64-Bit Server VM (11.0.15+0-b2043.56-9505619, mixed mode, tiered, compressed oops, g1 gc, windows-amd64)
Heap:
 garbage-first heap   total 472064K, used 299203K [0x00000000a0000000, 0x0000000100000000)
  region size 1024K, 7 young (7168K), 2 survivors (2048K)
 Metaspace       used 165703K, capacity 173468K, committed 173776K, reserved 1200128K
  class space    used 20755K, capacity 23309K, committed 23424K, reserved 1048576K
GC Heap History (20 events):
Event: 7111.592 GC heap after
{Heap after GC invocations=305 (full 0):
 garbage-first heap   total 472064K, used 296960K [0x00000000a0000000, 0x0000000100000000)
  region size 1024K, 1 young (1024K), 1 survivors (1024K)
 Metaspace       used 165412K, capacity 173173K, committed 173392K, reserved 1200128K
  class space    used 20729K, capacity 23255K, committed 23296K, reserved 1048576K
}
Event: 7113.110 GC heap before
{Heap before GC invocations=305 (full 0):
 garbage-first heap   total 472064K, used 384000K [0x00000000a0000000, 0x0000000100000000)
  region size 1024K, 86 young (88064K), 1 survivors (1024K)
 Metaspace       used 165494K, capacity 173272K, committed 173392K, reserved 1200128K
  class space    used 20742K, capacity 23287K, committed 23296K, reserved 1048576K
}
Event: 7113.140 GC heap after
{Heap after GC invocations=306 (full 0):
 garbage-first heap   total 472064K, used 297599K [0x00000000a0000000, 0x0000000100000000)
  region size 1024K, 2 young (2048K), 2 survivors (2048K)
 Metaspace       used 165494K, capacity 173272K, committed 173392K, reserved 1200128K
  class space    used 20742K, capacity 23287K, committed 23296K, reserved 1048576K
}
Event: 7118.156 GC heap before
{Heap before GC invocations=307 (full 0):
 garbage-first heap   total 472064K, used 387711K [0x00000000a0000000, 0x0000000100000000)
  region size 1024K, 90 young (92160K), 2 survivors (2048K)
 Metaspace       used 165541K, capacity 173283K, committed 173392K, reserved 1200128K
  class space    used 20745K, capacity 23291K, committed 23296K, reserved 1048576K
}
Event: 7118.198 GC heap after
{Heap after GC invocations=308 (full 0):
 garbage-first heap   total 472064K, used 298943K [0x00000000a0000000, 0x0000000100000000)
  region size 1024K, 3 young (3072K), 3 survivors (3072K)
 Metaspace       used 165541K, capacity 173283K, committed 173392K, reserved 1200128K
  class space    used 20745K, capacity 23291K, committed 23296K, reserved 1048576K
}
Event: 7119.018 GC heap before
{Heap before GC invocations=308 (full 0):
 garbage-first heap   total 472064K, used 319423K [0x00000000a0000000, 0x0000000100000000)
  region size 1024K, 23 young (23552K), 3 survivors (3072K)
 Metaspace       used 165553K, capacity 173283K, committed 173392K, reserved 1200128K
  class space    used 20745K, capacity 23291K, committed 23296K, reserved 1048576K
}
Event: 7119.211 GC heap after
{Heap after GC invocations=309 (full 0):
 garbage-first heap   total 472064K, used 296578K [0x00000000a0000000, 0x0000000100000000)
  region size 1024K, 2 young (2048K), 2 survivors (2048K)
 Metaspace       used 165553K, capacity 173283K, committed 173392K, reserved 1200128K
  class space    used 20745K, capacity 23291K, committed 23296K, reserved 1048576K
}
Event: 7120.741 GC heap before
{Heap before GC invocations=309 (full 0):
 garbage-first heap   total 472064K, used 390786K [0x00000000a0000000, 0x0000000100000000)
  region size 1024K, 94 young (96256K), 2 survivors (2048K)
 Metaspace       used 165590K, capacity 173370K, committed 173520K, reserved 1200128K
  class space    used 20749K, capacity 23299K, committed 23424K, reserved 1048576K
}
Event: 7120.781 GC heap after
{Heap after GC invocations=310 (full 0):
 garbage-first heap   total 472064K, used 297169K [0x00000000a0000000, 0x0000000100000000)
  region size 1024K, 3 young (3072K), 3 survivors (3072K)
 Metaspace       used 165590K, capacity 173370K, committed 173520K, reserved 1200128K
  class space    used 20749K, capacity 23299K, committed 23424K, reserved 1048576K
}
Event: 7123.182 GC heap before
{Heap before GC invocations=310 (full 0):
 garbage-first heap   total 472064K, used 393425K [0x00000000a0000000, 0x0000000100000000)
  region size 1024K, 97 young (99328K), 3 survivors (3072K)
 Metaspace       used 165615K, capacity 173372K, committed 173520K, reserved 1200128K
  class space    used 20750K, capacity 23299K, committed 23424K, reserved 1048576K
}
Event: 7123.233 GC heap after
{Heap after GC invocations=311 (full 0):
 garbage-first heap   total 472064K, used 297299K [0x00000000a0000000, 0x0000000100000000)
  region size 1024K, 3 young (3072K), 3 survivors (3072K)
 Metaspace       used 165615K, capacity 173372K, committed 173520K, reserved 1200128K
  class space    used 20750K, capacity 23299K, committed 23424K, reserved 1048576K
}
Event: 7126.370 GC heap before
{Heap before GC invocations=312 (full 0):
 garbage-first heap   total 472064K, used 394579K [0x00000000a0000000, 0x0000000100000000)
  region size 1024K, 99 young (101376K), 3 survivors (3072K)
 Metaspace       used 165646K, capacity 173389K, committed 173520K, reserved 1200128K
  class space    used 20753K, capacity 23305K, committed 23424K, reserved 1048576K
}
Event: 7126.389 GC heap after
{Heap after GC invocations=313 (full 0):
 garbage-first heap   total 472064K, used 297602K [0x00000000a0000000, 0x0000000100000000)
  region size 1024K, 3 young (3072K), 3 survivors (3072K)
 Metaspace       used 165646K, capacity 173389K, committed 173520K, reserved 1200128K
  class space    used 20753K, capacity 23305K, committed 23424K, reserved 1048576K
}
Event: 7126.625 GC heap before
{Heap before GC invocations=313 (full 0):
 garbage-first heap   total 472064K, used 318082K [0x00000000a0000000, 0x0000000100000000)
  region size 1024K, 23 young (23552K), 3 survivors (3072K)
 Metaspace       used 165648K, capacity 173390K, committed 173520K, reserved 1200128K
  class space    used 20753K, capacity 23305K, committed 23424K, reserved 1048576K
}
Event: 7126.739 GC heap after
{Heap after GC invocations=314 (full 0):
 garbage-first heap   total 472064K, used 296674K [0x00000000a0000000, 0x0000000100000000)
  region size 1024K, 2 young (2048K), 2 survivors (2048K)
 Metaspace       used 165648K, capacity 173390K, committed 173520K, reserved 1200128K
  class space    used 20753K, capacity 23305K, committed 23424K, reserved 1048576K
}
Event: 7128.840 GC heap before
{Heap before GC invocations=314 (full 0):
 garbage-first heap   total 472064K, used 398050K [0x00000000a0000000, 0x0000000100000000)
  region size 1024K, 101 young (103424K), 2 survivors (2048K)
 Metaspace       used 165663K, capacity 173399K, committed 173520K, reserved 1200128K
  class space    used 20755K, capacity 23308K, committed 23424K, reserved 1048576K
}
Event: 7128.864 GC heap after
{Heap after GC invocations=315 (full 0):
 garbage-first heap   total 472064K, used 297023K [0x00000000a0000000, 0x0000000100000000)
  region size 1024K, 3 young (3072K), 3 survivors (3072K)
 Metaspace       used 165663K, capacity 173399K, committed 173520K, reserved 1200128K
  class space    used 20755K, capacity 23308K, committed 23424K, reserved 1048576K
}
Event: 7131.374 GC heap before
{Heap before GC invocations=316 (full 0):
 garbage-first heap   total 472064K, used 399423K [0x00000000a0000000, 0x0000000100000000)
  region size 1024K, 103 young (105472K), 3 survivors (3072K)
 Metaspace       used 165703K, capacity 173468K, committed 173776K, reserved 1200128K
  class space    used 20755K, capacity 23309K, committed 23424K, reserved 1048576K
}
Event: 7131.400 GC heap after
{Heap after GC invocations=317 (full 0):
 garbage-first heap   total 472064K, used 298266K [0x00000000a0000000, 0x0000000100000000)
  region size 1024K, 4 young (4096K), 4 survivors (4096K)
 Metaspace       used 165703K, capacity 173468K, committed 173776K, reserved 1200128K
  class space    used 20755K, capacity 23309K, committed 23424K, reserved 1048576K
}
Event: 7132.166 GC heap before
{Heap before GC invocations=317 (full 0):
 garbage-first heap   total 472064K, used 317722K [0x00000000a0000000, 0x0000000100000000)
  region size 1024K, 23 young (23552K), 4 survivors (4096K)
 Metaspace       used 165703K, capacity 173468K, committed 173776K, reserved 1200128K
  class space    used 20755K, capacity 23309K, committed 23424K, reserved 1048576K
}

