# JRE version: OpenJDK Runtime Environment (11.0.15) (build 11.0.15+0-b2043.56-9505619)
# Java VM: OpenJDK 64-Bit Server VM (11.0.15+0-b2043.56-9505619, mixed mode, tiered, compressed oops, g1 gc, windows-amd64)
Heap:
 garbage-first heap   total 253952K, used 143360K [0x00000000a0000000, 0x0000000100000000)
  region size 1024K, 6 young (6144K), 3 survivors (3072K)
 Metaspace       used 89223K, capacity 93424K, committed 93520K, reserved 1130496K
  class space    used 11735K, capacity 13051K, committed 13056K, reserved 1048576K
GC Heap History (20 events):
Event: 75.168 GC heap before
{Heap before GC invocations=112 (full 0):
 garbage-first heap   total 131072K, used 105712K [0x00000000a0000000, 0x0000000100000000)
  region size 1024K, 23 young (23552K), 3 survivors (3072K)
 Metaspace       used 79835K, capacity 82330K, committed 82640K, reserved 1120256K
  class space    used 10387K, capacity 11302K, committed 11392K, reserved 1048576K
}
Event: 75.197 GC heap after
{Heap after GC invocations=113 (full 0):
 garbage-first heap   total 131072K, used 87919K [0x00000000a0000000, 0x0000000100000000)
  region size 1024K, 2 young (2048K), 2 survivors (2048K)
 Metaspace       used 79835K, capacity 82330K, committed 82640K, reserved 1120256K
  class space    used 10387K, capacity 11302K, committed 11392K, reserved 1048576K
}
Event: 76.827 GC heap before
{Heap before GC invocations=114 (full 0):
 garbage-first heap   total 131072K, used 110447K [0x00000000a0000000, 0x0000000100000000)
  region size 1024K, 23 young (23552K), 2 survivors (2048K)
 Metaspace       used 80774K, capacity 83394K, committed 83664K, reserved 1122304K
  class space    used 10569K, capacity 11527K, committed 11648K, reserved 1048576K
}
Event: 76.881 GC heap after
{Heap after GC invocations=115 (full 0):
 garbage-first heap   total 157696K, used 96086K [0x00000000a0000000, 0x0000000100000000)
  region size 1024K, 3 young (3072K), 3 survivors (3072K)
 Metaspace       used 80774K, capacity 83394K, committed 83664K, reserved 1122304K
  class space    used 10569K, capacity 11527K, committed 11648K, reserved 1048576K
}
Event: 79.288 GC heap before
{Heap before GC invocations=115 (full 0):
 garbage-first heap   total 157696K, used 112470K [0x00000000a0000000, 0x0000000100000000)
  region size 1024K, 21 young (21504K), 3 survivors (3072K)
 Metaspace       used 81009K, capacity 83849K, committed 83920K, reserved 1122304K
  class space    used 10600K, capacity 11590K, committed 11648K, reserved 1048576K
}
Event: 79.336 GC heap after
{Heap after GC invocations=116 (full 0):
 garbage-first heap   total 157696K, used 100146K [0x00000000a0000000, 0x0000000100000000)
  region size 1024K, 4 young (4096K), 4 survivors (4096K)
 Metaspace       used 81009K, capacity 83849K, committed 83920K, reserved 1122304K
  class space    used 10600K, capacity 11590K, committed 11648K, reserved 1048576K
}
Event: 82.050 GC heap before
{Heap before GC invocations=117 (full 0):
 garbage-first heap   total 157696K, used 121650K [0x00000000a0000000, 0x0000000100000000)
  region size 1024K, 25 young (25600K), 4 survivors (4096K)
 Metaspace       used 81306K, capacity 84322K, committed 84560K, reserved 1122304K
  class space    used 10637K, capacity 11670K, committed 11776K, reserved 1048576K
}
Event: 82.124 GC heap after
{Heap after GC invocations=118 (full 0):
 garbage-first heap   total 157696K, used 106158K [0x00000000a0000000, 0x0000000100000000)
  region size 1024K, 4 young (4096K), 4 survivors (4096K)
 Metaspace       used 81306K, capacity 84322K, committed 84560K, reserved 1122304K
  class space    used 10637K, capacity 11670K, committed 11776K, reserved 1048576K
}
Event: 82.838 GC heap before
{Heap before GC invocations=119 (full 0):
 garbage-first heap   total 157696K, used 108206K [0x00000000a0000000, 0x0000000100000000)
  region size 1024K, 6 young (6144K), 4 survivors (4096K)
 Metaspace       used 81308K, capacity 84322K, committed 84560K, reserved 1122304K
  class space    used 10637K, capacity 11670K, committed 11776K, reserved 1048576K
}
Event: 83.185 GC heap after
{Heap after GC invocations=120 (full 0):
 garbage-first heap   total 157696K, used 108974K [0x00000000a0000000, 0x0000000100000000)
  region size 1024K, 2 young (2048K), 2 survivors (2048K)
 Metaspace       used 81308K, capacity 84322K, committed 84560K, reserved 1122304K
  class space    used 10637K, capacity 11670K, committed 11776K, reserved 1048576K
}
Event: 83.854 GC heap before
{Heap before GC invocations=121 (full 0):
 garbage-first heap   total 157696K, used 112046K [0x00000000a0000000, 0x0000000100000000)
  region size 1024K, 5 young (5120K), 2 survivors (2048K)
 Metaspace       used 81308K, capacity 84322K, committed 84560K, reserved 1122304K
  class space    used 10637K, capacity 11670K, committed 11776K, reserved 1048576K
}
Event: 83.864 GC heap after
{Heap after GC invocations=122 (full 0):
 garbage-first heap   total 253952K, used 111616K [0x00000000a0000000, 0x0000000100000000)
  region size 1024K, 2 young (2048K), 2 survivors (2048K)
 Metaspace       used 81308K, capacity 84322K, committed 84560K, reserved 1122304K
  class space    used 10637K, capacity 11670K, committed 11776K, reserved 1048576K
}
Event: 93.825 GC heap before
{Heap before GC invocations=123 (full 0):
 garbage-first heap   total 253952K, used 160768K [0x00000000a0000000, 0x0000000100000000)
  region size 1024K, 47 young (48128K), 2 survivors (2048K)
 Metaspace       used 81798K, capacity 85152K, committed 85456K, reserved 1122304K
  class space    used 10703K, capacity 11794K, committed 11904K, reserved 1048576K
}
Event: 93.968 GC heap after
{Heap after GC invocations=124 (full 0):
 garbage-first heap   total 253952K, used 121191K [0x00000000a0000000, 0x0000000100000000)
  region size 1024K, 6 young (6144K), 6 survivors (6144K)
 Metaspace       used 81798K, capacity 85152K, committed 85456K, reserved 1122304K
  class space    used 10703K, capacity 11794K, committed 11904K, reserved 1048576K
}
Event: 102.598 GC heap before
{Heap before GC invocations=124 (full 0):
 garbage-first heap   total 253952K, used 168295K [0x00000000a0000000, 0x0000000100000000)
  region size 1024K, 53 young (54272K), 6 survivors (6144K)
 Metaspace       used 82509K, capacity 86329K, committed 86352K, reserved 1124352K
  class space    used 10805K, capacity 12011K, committed 12032K, reserved 1048576K
}
Event: 102.701 GC heap after
{Heap after GC invocations=125 (full 0):
 garbage-first heap   total 253952K, used 129297K [0x00000000a0000000, 0x0000000100000000)
  region size 1024K, 7 young (7168K), 7 survivors (7168K)
 Metaspace       used 82509K, capacity 86329K, committed 86352K, reserved 1124352K
  class space    used 10805K, capacity 12011K, committed 12032K, reserved 1048576K
}
Event: 107.682 GC heap before
{Heap before GC invocations=126 (full 0):
 garbage-first heap   total 253952K, used 177425K [0x00000000a0000000, 0x0000000100000000)
  region size 1024K, 54 young (55296K), 7 survivors (7168K)
 Metaspace       used 83910K, capacity 88012K, committed 88272K, reserved 1126400K
  class space    used 10993K, capacity 12290K, committed 12416K, reserved 1048576K
}
Event: 107.781 GC heap after
{Heap after GC invocations=127 (full 0):
 garbage-first heap   total 253952K, used 138065K [0x00000000a0000000, 0x0000000100000000)
  region size 1024K, 7 young (7168K), 7 survivors (7168K)
 Metaspace       used 83910K, capacity 88012K, committed 88272K, reserved 1126400K
  class space    used 10993K, capacity 12290K, committed 12416K, reserved 1048576K
}
Event: 112.219 GC heap before
{Heap before GC invocations=127 (full 0):
 garbage-first heap   total 253952K, used 186193K [0x00000000a0000000, 0x0000000100000000)
  region size 1024K, 54 young (55296K), 7 survivors (7168K)
 Metaspace       used 89118K, capacity 93322K, committed 93520K, reserved 1130496K
  class space    used 11721K, capacity 13017K, committed 13056K, reserved 1048576K
}
Event: 112.313 GC heap after
{Heap after GC invocations=128 (full 0):
 garbage-first heap   total 253952K, used 141312K [0x00000000a0000000, 0x0000000100000000)
  region size 1024K, 3 young (3072K), 3 survivors (3072K)
 Metaspace       used 89118K, capacity 93322K, committed 93520K, reserved 1130496K
  class space    used 11721K, capacity 13017K, committed 13056K, reserved 1048576K
}

